<?xml version="1.0" encoding="UTF-8"?>
<testsuite name="edu.vandy.simulator.managers.beings.runnableThreads.Assignment_1A_RunnableThreadsMgrTest" tests="5" skipped="0" failures="0" errors="0" timestamp="2022-01-21T18:42:18" hostname="Bens-MacBook-Air.local" time="0.804">
  <properties/>
  <testcase name="testCreateAndStartWaiterForBeingThreadsMethod" classname="edu.vandy.simulator.managers.beings.runnableThreads.Assignment_1A_RunnableThreadsMgrTest" time="0.653"/>
  <testcase name="runSimulationTest" classname="edu.vandy.simulator.managers.beings.runnableThreads.Assignment_1A_RunnableThreadsMgrTest" time="0.057"/>
  <testcase name="beginBeingThreadsTest" classname="edu.vandy.simulator.managers.beings.runnableThreads.Assignment_1A_RunnableThreadsMgrTest" time="0.091"/>
  <testcase name="makeBeingsTest" classname="edu.vandy.simulator.managers.beings.runnableThreads.Assignment_1A_RunnableThreadsMgrTest" time="0.002"/>
  <testcase name="newBeingTest" classname="edu.vandy.simulator.managers.beings.runnableThreads.Assignment_1A_RunnableThreadsMgrTest" time="0.0"/>
  <system-out><![CDATA[]]></system-out>
  <system-err><![CDATA[]]></system-err>
</testsuite>
