<?xml version="1.0" encoding="UTF-8"?>
<testsuite name="edu.vandy.simulator.Assignment_1A_IntegratedTest" tests="2" skipped="0" failures="0" errors="0" timestamp="2022-01-21T18:42:20" hostname="Bens-MacBook-Air.local" time="6.107">
  <properties/>
  <testcase name="normalTest" classname="edu.vandy.simulator.Assignment_1A_IntegratedTest" time="4.772"/>
  <testcase name="stressTest" classname="edu.vandy.simulator.Assignment_1A_IntegratedTest" time="1.335"/>
  <system-out><![CDATA[]]></system-out>
  <system-err><![CDATA[]]></system-err>
</testsuite>
