<?xml version="1.0" encoding="UTF-8"?>
<testsuite name="edu.vandy.simulator.managers.beings.runnableThreads.Assignment_1A_BeingRunnableTest" tests="4" skipped="0" failures="0" errors="0" timestamp="2022-01-21T18:42:19" hostname="Bens-MacBook-Air.local" time="1.031">
  <properties/>
  <testcase name="acquirePalantirAndGaze handles a null palantir" classname="edu.vandy.simulator.managers.beings.runnableThreads.Assignment_1A_BeingRunnableTest" time="0.976"/>
  <testcase name="run test" classname="edu.vandy.simulator.managers.beings.runnableThreads.Assignment_1A_BeingRunnableTest" time="0.008"/>
  <testcase name="acquirePalantirAndGaze test" classname="edu.vandy.simulator.managers.beings.runnableThreads.Assignment_1A_BeingRunnableTest" time="0.038"/>
  <testcase name="acquirePalantirAndGaze handles a gazing exception" classname="edu.vandy.simulator.managers.beings.runnableThreads.Assignment_1A_BeingRunnableTest" time="0.007"/>
  <system-out><![CDATA[]]></system-out>
  <system-err><![CDATA[]]></system-err>
</testsuite>
