<?xml version="1.0" encoding="UTF-8"?>
<testsuite name="edu.vandy.simulator.managers.beings.runnableThreads.Assignment_1A_RunnableThreadsMgrTest" tests="5" skipped="0" failures="2" errors="0" timestamp="2022-01-21T04:00:14" hostname="Bens-MacBook-Air.local" time="0.748">
  <properties/>
  <testcase name="testCreateAndStartWaiterForBeingThreadsMethod" classname="edu.vandy.simulator.managers.beings.runnableThreads.Assignment_1A_RunnableThreadsMgrTest" time="0.607">
    <failure message="Wanted but not invoked:&#10;thread.join();&#10;-&gt; at java.base/java.lang.Thread.join(Thread.java:1380)&#10;Actually, there were zero interactions with this mock.&#10;" type="org.mockito.exceptions.verification.WantedButNotInvoked">Wanted but not invoked:
thread.join();
-&gt; at java.base/java.lang.Thread.join(Thread.java:1380)
Actually, there were zero interactions with this mock.

	at java.base/java.lang.Thread.join(Thread.java:1380)
	at edu.vandy.simulator.managers.beings.runnableThreads.Assignment_1A_RunnableThreadsMgrTest.lambda$testCreateAndStartWaiterForBeingThreadsMethod$4(Assignment_1A_RunnableThreadsMgrTest.java:147)
	at java.base/java.util.ArrayList.forEach(ArrayList.java:1541)
	at edu.vandy.simulator.managers.beings.runnableThreads.Assignment_1A_RunnableThreadsMgrTest.testCreateAndStartWaiterForBeingThreadsMethod(Assignment_1A_RunnableThreadsMgrTest.java:145)
	at java.base/jdk.internal.reflect.NativeMethodAccessorImpl.invoke0(Native Method)
	at java.base/jdk.internal.reflect.NativeMethodAccessorImpl.invoke(NativeMethodAccessorImpl.java:62)
	at java.base/jdk.internal.reflect.DelegatingMethodAccessorImpl.invoke(DelegatingMethodAccessorImpl.java:43)
	at java.base/java.lang.reflect.Method.invoke(Method.java:566)
	at org.junit.runners.model.FrameworkMethod$1.runReflectiveCall(FrameworkMethod.java:59)
	at org.junit.internal.runners.model.ReflectiveCallable.run(ReflectiveCallable.java:12)
	at org.junit.runners.model.FrameworkMethod.invokeExplosively(FrameworkMethod.java:56)
	at org.junit.internal.runners.statements.InvokeMethod.evaluate(InvokeMethod.java:17)
	at org.junit.internal.runners.statements.FailOnTimeout$CallableStatement.call(FailOnTimeout.java:299)
	at org.junit.internal.runners.statements.FailOnTimeout$CallableStatement.call(FailOnTimeout.java:293)
	at java.base/java.util.concurrent.FutureTask.run(FutureTask.java:264)
	at java.base/java.lang.Thread.run(Unknown Source)
</failure>
  </testcase>
  <testcase name="runSimulationTest" classname="edu.vandy.simulator.managers.beings.runnableThreads.Assignment_1A_RunnableThreadsMgrTest" time="0.062"/>
  <testcase name="beginBeingThreadsTest" classname="edu.vandy.simulator.managers.beings.runnableThreads.Assignment_1A_RunnableThreadsMgrTest" time="0.077">
    <failure message="java.lang.AssertionError: Being threads should not be interrupted." type="java.lang.AssertionError">java.lang.AssertionError: Being threads should not be interrupted.
	at org.junit.Assert.fail(Assert.java:89)
	at edu.vandy.simulator.managers.beings.runnableThreads.Assignment_1A_RunnableThreadsMgrTest.beginBeingThreadsTest(Assignment_1A_RunnableThreadsMgrTest.java:84)
	at java.base/jdk.internal.reflect.NativeMethodAccessorImpl.invoke0(Native Method)
	at java.base/jdk.internal.reflect.NativeMethodAccessorImpl.invoke(NativeMethodAccessorImpl.java:62)
	at java.base/jdk.internal.reflect.DelegatingMethodAccessorImpl.invoke(DelegatingMethodAccessorImpl.java:43)
	at java.base/java.lang.reflect.Method.invoke(Method.java:566)
	at org.junit.runners.model.FrameworkMethod$1.runReflectiveCall(FrameworkMethod.java:59)
	at org.junit.internal.runners.model.ReflectiveCallable.run(ReflectiveCallable.java:12)
	at org.junit.runners.model.FrameworkMethod.invokeExplosively(FrameworkMethod.java:56)
	at org.junit.internal.runners.statements.InvokeMethod.evaluate(InvokeMethod.java:17)
	at org.junit.internal.runners.statements.FailOnTimeout$CallableStatement.call(FailOnTimeout.java:299)
	at org.junit.internal.runners.statements.FailOnTimeout$CallableStatement.call(FailOnTimeout.java:293)
	at java.base/java.util.concurrent.FutureTask.run(FutureTask.java:264)
	at java.base/java.lang.Thread.run(Thread.java:834)
</failure>
  </testcase>
  <testcase name="makeBeingsTest" classname="edu.vandy.simulator.managers.beings.runnableThreads.Assignment_1A_RunnableThreadsMgrTest" time="0.001"/>
  <testcase name="newBeingTest" classname="edu.vandy.simulator.managers.beings.runnableThreads.Assignment_1A_RunnableThreadsMgrTest" time="0.0"/>
  <system-out><![CDATA[]]></system-out>
  <system-err><![CDATA[]]></system-err>
</testsuite>
